1709653523 : msedgewebview2 1337.125 167653376
1709653524 : msedgewebview2 1337.125 167653376
1709653524 : msedgewebview2 1337.125 167653376
1709653524 : msedgewebview2 1337.125 167653376
1709653525 : msedgewebview2 1337.125 167653376
1709653525 : msedgewebview2 1337.125 167653376
1709653528 : msedgewebview2 1337.1875 167653376
1709653536 : msedgewebview2 1337.1875 167653376
1709653541 : msedgewebview2 1337.1875 168538112
1709653544 : msedgewebview2 1337.1875 167653376
1709653544 : msedgewebview2 1337.1875 167653376
1709653545 : msedgewebview2 1337.1875 168361984
1709653569 : msedgewebview2 1339.515625 168538112
1709653709 : msedgewebview2 1345.78125 418246656
1709653709 : msedgewebview2 1345.78125 418246656
1709653709 : msedgewebview2 1345.78125 418246656
1709653710 : msedgewebview2 1345.78125 418246656
1709653710 : msedgewebview2 1345.78125 418246656
1709653731 : Code 641.1875 321941504
1709653732 : Code 641.1875 321941504
1709653733 : Code 641.1875 321941504
1709653733 : Code 641.1875 321941504
1709653733 : Code 641.1875 321941504
1709653789 : Code 641.1875 322543616
1709653789 : Code 641.1875 322543616
1709653790 : Code 641.1875 322543616
1709653790 : Code 641.1875 322543616
1709653791 : Code 641.1875 322543616
1709653791 : Code 641.1875 322543616
